  Origem.cpp
C:\Users\zezez\source\repos\Escape From Something - TrabalhoCG - Grupo13\Escape From Something - TrabalhoCG - Grupo13\Origem.cpp(14,20): warning C4018: '<': incompatibilidade de signed/unsigned
C:\Users\zezez\source\repos\Escape From Something - TrabalhoCG - Grupo13\Escape From Something - TrabalhoCG - Grupo13\Origem.cpp(24,27): warning C4305: 'inicializando': truncamento de 'double' para 'float'
C:\Users\zezez\source\repos\Escape From Something - TrabalhoCG - Grupo13\Escape From Something - TrabalhoCG - Grupo13\Origem.cpp(24,38): warning C4305: 'inicializando': truncamento de 'double' para 'float'
C:\Users\zezez\source\repos\Escape From Something - TrabalhoCG - Grupo13\Escape From Something - TrabalhoCG - Grupo13\Origem.cpp(24,49): warning C4305: 'inicializando': truncamento de 'double' para 'float'
C:\Users\zezez\source\repos\Escape From Something - TrabalhoCG - Grupo13\Escape From Something - TrabalhoCG - Grupo13\Origem.cpp(24,60): warning C4305: 'inicializando': truncamento de 'double' para 'float'
C:\Users\zezez\source\repos\Escape From Something - TrabalhoCG - Grupo13\Escape From Something - TrabalhoCG - Grupo13\Origem.cpp(25,27): warning C4305: 'inicializando': truncamento de 'double' para 'float'
C:\Users\zezez\source\repos\Escape From Something - TrabalhoCG - Grupo13\Escape From Something - TrabalhoCG - Grupo13\Origem.cpp(25,38): warning C4305: 'inicializando': truncamento de 'double' para 'float'
C:\Users\zezez\source\repos\Escape From Something - TrabalhoCG - Grupo13\Escape From Something - TrabalhoCG - Grupo13\Origem.cpp(25,49): warning C4305: 'inicializando': truncamento de 'double' para 'float'
C:\Users\zezez\source\repos\Escape From Something - TrabalhoCG - Grupo13\Escape From Something - TrabalhoCG - Grupo13\Origem.cpp(25,60): warning C4305: 'inicializando': truncamento de 'double' para 'float'
C:\Users\zezez\source\repos\Escape From Something - TrabalhoCG - Grupo13\Escape From Something - TrabalhoCG - Grupo13\Origem.cpp(61,23): warning C4305: '=': truncamento de 'double' para 'float'
C:\Users\zezez\source\repos\Escape From Something - TrabalhoCG - Grupo13\Escape From Something - TrabalhoCG - Grupo13\Origem.cpp(61,34): warning C4305: '=': truncamento de 'double' para 'float'
C:\Users\zezez\source\repos\Escape From Something - TrabalhoCG - Grupo13\Escape From Something - TrabalhoCG - Grupo13\Origem.cpp(61,45): warning C4305: '=': truncamento de 'double' para 'float'
C:\Users\zezez\source\repos\Escape From Something - TrabalhoCG - Grupo13\Escape From Something - TrabalhoCG - Grupo13\Origem.cpp(61,56): warning C4305: '=': truncamento de 'double' para 'float'
C:\Users\zezez\source\repos\Escape From Something - TrabalhoCG - Grupo13\Escape From Something - TrabalhoCG - Grupo13\Origem.cpp(98,24): warning C4305: '=': truncamento de 'double' para 'float'
C:\Users\zezez\source\repos\Escape From Something - TrabalhoCG - Grupo13\Escape From Something - TrabalhoCG - Grupo13\Origem.cpp(98,35): warning C4305: '=': truncamento de 'double' para 'float'
C:\Users\zezez\source\repos\Escape From Something - TrabalhoCG - Grupo13\Escape From Something - TrabalhoCG - Grupo13\Origem.cpp(98,46): warning C4305: '=': truncamento de 'double' para 'float'
C:\Users\zezez\source\repos\Escape From Something - TrabalhoCG - Grupo13\Escape From Something - TrabalhoCG - Grupo13\Origem.cpp(98,57): warning C4305: '=': truncamento de 'double' para 'float'
C:\Users\zezez\source\repos\Escape From Something - TrabalhoCG - Grupo13\Escape From Something - TrabalhoCG - Grupo13\Origem.cpp(104,26): warning C4305: 'argumento': truncamento de 'double' para 'GLfloat'
C:\Users\zezez\source\repos\Escape From Something - TrabalhoCG - Grupo13\Escape From Something - TrabalhoCG - Grupo13\Origem.cpp(105,26): warning C4305: 'argumento': truncamento de 'double' para 'GLfloat'
C:\Users\zezez\source\repos\Escape From Something - TrabalhoCG - Grupo13\Escape From Something - TrabalhoCG - Grupo13\Origem.cpp(106,26): warning C4305: 'argumento': truncamento de 'double' para 'GLfloat'
C:\Users\zezez\source\repos\Escape From Something - TrabalhoCG - Grupo13\Escape From Something - TrabalhoCG - Grupo13\Origem.cpp(107,26): warning C4305: 'argumento': truncamento de 'double' para 'GLfloat'
C:\Users\zezez\source\repos\Escape From Something - TrabalhoCG - Grupo13\Escape From Something - TrabalhoCG - Grupo13\Origem.cpp(110,25): warning C4305: 'argumento': truncamento de 'double' para 'GLfloat'
C:\Users\zezez\source\repos\Escape From Something - TrabalhoCG - Grupo13\Escape From Something - TrabalhoCG - Grupo13\Origem.cpp(112,26): warning C4305: 'argumento': truncamento de 'double' para 'GLfloat'
C:\Users\zezez\source\repos\Escape From Something - TrabalhoCG - Grupo13\Escape From Something - TrabalhoCG - Grupo13\Origem.cpp(113,26): warning C4305: 'argumento': truncamento de 'double' para 'GLfloat'
C:\Users\zezez\source\repos\Escape From Something - TrabalhoCG - Grupo13\Escape From Something - TrabalhoCG - Grupo13\Origem.cpp(114,26): warning C4305: 'argumento': truncamento de 'double' para 'GLfloat'
C:\Users\zezez\source\repos\Escape From Something - TrabalhoCG - Grupo13\Escape From Something - TrabalhoCG - Grupo13\Origem.cpp(126,23): warning C4305: '=': truncamento de 'double' para 'float'
C:\Users\zezez\source\repos\Escape From Something - TrabalhoCG - Grupo13\Escape From Something - TrabalhoCG - Grupo13\Origem.cpp(126,34): warning C4305: '=': truncamento de 'double' para 'float'
C:\Users\zezez\source\repos\Escape From Something - TrabalhoCG - Grupo13\Escape From Something - TrabalhoCG - Grupo13\Origem.cpp(126,45): warning C4305: '=': truncamento de 'double' para 'float'
C:\Users\zezez\source\repos\Escape From Something - TrabalhoCG - Grupo13\Escape From Something - TrabalhoCG - Grupo13\Origem.cpp(126,56): warning C4305: '=': truncamento de 'double' para 'float'
C:\Users\zezez\source\repos\Escape From Something - TrabalhoCG - Grupo13\Escape From Something - TrabalhoCG - Grupo13\Origem.cpp(141,27): warning C4305: 'argumento': truncamento de 'double' para 'GLfloat'
C:\Users\zezez\source\repos\Escape From Something - TrabalhoCG - Grupo13\Escape From Something - TrabalhoCG - Grupo13\Origem.cpp(142,27): warning C4305: 'argumento': truncamento de 'double' para 'GLfloat'
C:\Users\zezez\source\repos\Escape From Something - TrabalhoCG - Grupo13\Escape From Something - TrabalhoCG - Grupo13\Origem.cpp(143,27): warning C4305: 'argumento': truncamento de 'double' para 'GLfloat'
C:\Users\zezez\source\repos\Escape From Something - TrabalhoCG - Grupo13\Escape From Something - TrabalhoCG - Grupo13\Origem.cpp(196,13): warning C4244: '=': conversão de 'double' para 'float', possível perda de dados
C:\Users\zezez\source\repos\Escape From Something - TrabalhoCG - Grupo13\Escape From Something - TrabalhoCG - Grupo13\Origem.cpp(197,13): warning C4244: '=': conversão de 'double' para 'float', possível perda de dados
C:\Users\zezez\source\repos\Escape From Something - TrabalhoCG - Grupo13\Escape From Something - TrabalhoCG - Grupo13\Origem.cpp(198,13): warning C4244: '=': conversão de 'double' para 'float', possível perda de dados
C:\Users\zezez\source\repos\Escape From Something - TrabalhoCG - Grupo13\Escape From Something - TrabalhoCG - Grupo13\Origem.cpp(199,13): warning C4244: '=': conversão de 'double' para 'float', possível perda de dados
C:\Users\zezez\source\repos\Escape From Something - TrabalhoCG - Grupo13\Escape From Something - TrabalhoCG - Grupo13\Origem.cpp(200,11): warning C4244: '=': conversão de 'double' para 'float', possível perda de dados
C:\Users\zezez\source\repos\Escape From Something - TrabalhoCG - Grupo13\Escape From Something - TrabalhoCG - Grupo13\Origem.cpp(204,13): warning C4244: '=': conversão de 'double' para 'float', possível perda de dados
C:\Users\zezez\source\repos\Escape From Something - TrabalhoCG - Grupo13\Escape From Something - TrabalhoCG - Grupo13\Origem.cpp(205,13): warning C4244: '=': conversão de 'double' para 'float', possível perda de dados
C:\Users\zezez\source\repos\Escape From Something - TrabalhoCG - Grupo13\Escape From Something - TrabalhoCG - Grupo13\Origem.cpp(206,13): warning C4244: '=': conversão de 'double' para 'float', possível perda de dados
C:\Users\zezez\source\repos\Escape From Something - TrabalhoCG - Grupo13\Escape From Something - TrabalhoCG - Grupo13\Origem.cpp(207,13): warning C4244: '=': conversão de 'double' para 'float', possível perda de dados
C:\Users\zezez\source\repos\Escape From Something - TrabalhoCG - Grupo13\Escape From Something - TrabalhoCG - Grupo13\Origem.cpp(208,11): warning C4244: '=': conversão de 'double' para 'float', possível perda de dados
C:\Users\zezez\source\repos\Escape From Something - TrabalhoCG - Grupo13\Escape From Something - TrabalhoCG - Grupo13\Origem.cpp(212,13): warning C4244: '=': conversão de 'double' para 'float', possível perda de dados
C:\Users\zezez\source\repos\Escape From Something - TrabalhoCG - Grupo13\Escape From Something - TrabalhoCG - Grupo13\Origem.cpp(213,13): warning C4244: '=': conversão de 'double' para 'float', possível perda de dados
C:\Users\zezez\source\repos\Escape From Something - TrabalhoCG - Grupo13\Escape From Something - TrabalhoCG - Grupo13\Origem.cpp(214,13): warning C4244: '=': conversão de 'double' para 'float', possível perda de dados
C:\Users\zezez\source\repos\Escape From Something - TrabalhoCG - Grupo13\Escape From Something - TrabalhoCG - Grupo13\Origem.cpp(215,13): warning C4244: '=': conversão de 'double' para 'float', possível perda de dados
C:\Users\zezez\source\repos\Escape From Something - TrabalhoCG - Grupo13\Escape From Something - TrabalhoCG - Grupo13\Origem.cpp(216,11): warning C4244: '=': conversão de 'double' para 'float', possível perda de dados
C:\Users\zezez\source\repos\Escape From Something - TrabalhoCG - Grupo13\Escape From Something - TrabalhoCG - Grupo13\Origem.cpp(220,13): warning C4244: '=': conversão de 'double' para 'float', possível perda de dados
C:\Users\zezez\source\repos\Escape From Something - TrabalhoCG - Grupo13\Escape From Something - TrabalhoCG - Grupo13\Origem.cpp(221,13): warning C4244: '=': conversão de 'double' para 'float', possível perda de dados
C:\Users\zezez\source\repos\Escape From Something - TrabalhoCG - Grupo13\Escape From Something - TrabalhoCG - Grupo13\Origem.cpp(222,13): warning C4244: '=': conversão de 'double' para 'float', possível perda de dados
C:\Users\zezez\source\repos\Escape From Something - TrabalhoCG - Grupo13\Escape From Something - TrabalhoCG - Grupo13\Origem.cpp(223,13): warning C4244: '=': conversão de 'double' para 'float', possível perda de dados
C:\Users\zezez\source\repos\Escape From Something - TrabalhoCG - Grupo13\Escape From Something - TrabalhoCG - Grupo13\Origem.cpp(224,11): warning C4244: '=': conversão de 'double' para 'float', possível perda de dados
C:\Users\zezez\source\repos\Escape From Something - TrabalhoCG - Grupo13\Escape From Something - TrabalhoCG - Grupo13\Origem.cpp(228,102): warning C4305: 'argumento': truncamento de 'double' para 'float'
C:\Users\zezez\source\repos\Escape From Something - TrabalhoCG - Grupo13\Escape From Something - TrabalhoCG - Grupo13\Origem.cpp(239,11): warning C4244: '=': conversão de 'double' para 'float', possível perda de dados
C:\Users\zezez\source\repos\Escape From Something - TrabalhoCG - Grupo13\Escape From Something - TrabalhoCG - Grupo13\Origem.cpp(242,11): warning C4244: '=': conversão de 'double' para 'float', possível perda de dados
C:\Users\zezez\source\repos\Escape From Something - TrabalhoCG - Grupo13\Escape From Something - TrabalhoCG - Grupo13\Origem.cpp(245,11): warning C4244: '=': conversão de 'double' para 'float', possível perda de dados
C:\Users\zezez\source\repos\Escape From Something - TrabalhoCG - Grupo13\Escape From Something - TrabalhoCG - Grupo13\Origem.cpp(248,11): warning C4244: '=': conversão de 'double' para 'float', possível perda de dados
C:\Users\zezez\source\repos\Escape From Something - TrabalhoCG - Grupo13\Escape From Something - TrabalhoCG - Grupo13\Origem.cpp(261,12): warning C4244: '=': conversão de 'double' para 'float', possível perda de dados
C:\Users\zezez\source\repos\Escape From Something - TrabalhoCG - Grupo13\Escape From Something - TrabalhoCG - Grupo13\Origem.cpp(266,11): warning C4244: '=': conversão de 'double' para 'float', possível perda de dados
C:\Users\zezez\source\repos\Escape From Something - TrabalhoCG - Grupo13\Escape From Something - TrabalhoCG - Grupo13\Origem.cpp(270,11): warning C4244: '=': conversão de 'double' para 'float', possível perda de dados
C:\Users\zezez\source\repos\Escape From Something - TrabalhoCG - Grupo13\Escape From Something - TrabalhoCG - Grupo13\Origem.cpp(274,11): warning C4244: '=': conversão de 'double' para 'float', possível perda de dados
C:\Users\zezez\source\repos\Escape From Something - TrabalhoCG - Grupo13\Escape From Something - TrabalhoCG - Grupo13\Origem.cpp(278,11): warning C4244: '=': conversão de 'double' para 'float', possível perda de dados
  Escape From Something - TrabalhoCG - Grupo13.vcxproj -> C:\Users\zezez\source\repos\Escape From Something - TrabalhoCG - Grupo13\Debug\Escape From Something - TrabalhoCG - Grupo13.exe
